{"name":"Log","hostname":"Palette","pid":34136,"level":30,"version":"5.37.0","msg":"Ghost is running in development...","time":"2023-03-10T12:44:43.232Z","v":0}
{"name":"Log","hostname":"Palette","pid":34136,"level":30,"version":"5.37.0","msg":"Listening on: 127.0.0.1:2368","time":"2023-03-10T12:44:43.234Z","v":0}
{"name":"Log","hostname":"Palette","pid":34136,"level":30,"version":"5.37.0","msg":"Url configured as: http://localhost:2368/","time":"2023-03-10T12:44:43.235Z","v":0}
{"name":"Log","hostname":"Palette","pid":34136,"level":30,"version":"5.37.0","msg":"Ctrl+C to shut down","time":"2023-03-10T12:44:43.235Z","v":0}
{"name":"Log","hostname":"Palette","pid":34136,"level":30,"version":"5.37.0","msg":"Ghost server started in 5.822s","time":"2023-03-10T12:44:43.237Z","v":0}
{"name":"Log","hostname":"Palette","pid":34136,"level":40,"version":"5.37.0","msg":"Database state requires initialisation.","time":"2023-03-10T12:44:44.066Z","v":0}
{"name":"Log","hostname":"Palette","pid":34136,"level":30,"version":"5.37.0","msg":"Creating table: newsletters","time":"2023-03-10T12:44:45.505Z","v":0}
{"name":"Log","hostname":"Palette","pid":34136,"level":30,"version":"5.37.0","msg":"Creating table: posts","time":"2023-03-10T12:44:45.537Z","v":0}
{"name":"Log","hostname":"Palette","pid":34136,"level":30,"version":"5.37.0","msg":"Creating table: posts_meta","time":"2023-03-10T12:44:45.550Z","v":0}
{"name":"Log","hostname":"Palette","pid":34136,"level":30,"version":"5.37.0","msg":"Creating table: users","time":"2023-03-10T12:44:45.563Z","v":0}
{"name":"Log","hostname":"Palette","pid":34136,"level":30,"version":"5.37.0","msg":"Creating table: posts_authors","time":"2023-03-10T12:44:45.585Z","v":0}
{"name":"Log","hostname":"Palette","pid":34136,"level":30,"version":"5.37.0","msg":"Creating table: roles","time":"2023-03-10T12:44:45.593Z","v":0}
{"name":"Log","hostname":"Palette","pid":34136,"level":30,"version":"5.37.0","msg":"Creating table: roles_users","time":"2023-03-10T12:44:45.607Z","v":0}
{"name":"Log","hostname":"Palette","pid":34136,"level":30,"version":"5.37.0","msg":"Creating table: permissions","time":"2023-03-10T12:44:45.619Z","v":0}
{"name":"Log","hostname":"Palette","pid":34136,"level":30,"version":"5.37.0","msg":"Creating table: permissions_users","time":"2023-03-10T12:44:45.631Z","v":0}
{"name":"Log","hostname":"Palette","pid":34136,"level":30,"version":"5.37.0","msg":"Creating table: permissions_roles","time":"2023-03-10T12:44:45.638Z","v":0}
{"name":"Log","hostname":"Palette","pid":34136,"level":30,"version":"5.37.0","msg":"Creating table: settings","time":"2023-03-10T12:44:45.645Z","v":0}
{"name":"Log","hostname":"Palette","pid":34136,"level":30,"version":"5.37.0","msg":"Creating table: tags","time":"2023-03-10T12:44:45.657Z","v":0}
{"name":"Log","hostname":"Palette","pid":34136,"level":30,"version":"5.37.0","msg":"Creating table: posts_tags","time":"2023-03-10T12:44:45.669Z","v":0}
{"name":"Log","hostname":"Palette","pid":34136,"level":30,"version":"5.37.0","msg":"Creating table: invites","time":"2023-03-10T12:44:45.676Z","v":0}
{"name":"Log","hostname":"Palette","pid":34136,"level":30,"version":"5.37.0","msg":"Creating table: brute","time":"2023-03-10T12:44:45.692Z","v":0}
{"name":"Log","hostname":"Palette","pid":34136,"level":30,"version":"5.37.0","msg":"Creating table: sessions","time":"2023-03-10T12:44:45.698Z","v":0}
{"name":"Log","hostname":"Palette","pid":34136,"level":30,"version":"5.37.0","msg":"Creating table: integrations","time":"2023-03-10T12:44:45.710Z","v":0}
{"name":"Log","hostname":"Palette","pid":34136,"level":30,"version":"5.37.0","msg":"Creating table: webhooks","time":"2023-03-10T12:44:45.722Z","v":0}
{"name":"Log","hostname":"Palette","pid":34136,"level":30,"version":"5.37.0","msg":"Creating table: api_keys","time":"2023-03-10T12:44:45.728Z","v":0}
{"name":"Log","hostname":"Palette","pid":34136,"level":30,"version":"5.37.0","msg":"Creating table: mobiledoc_revisions","time":"2023-03-10T12:44:45.740Z","v":0}
{"name":"Log","hostname":"Palette","pid":34136,"level":30,"version":"5.37.0","msg":"Creating table: post_revisions","time":"2023-03-10T12:44:45.752Z","v":0}
{"name":"Log","hostname":"Palette","pid":34136,"level":30,"version":"5.37.0","msg":"Creating table: members","time":"2023-03-10T12:44:45.765Z","v":0}
{"name":"Log","hostname":"Palette","pid":34136,"level":30,"version":"5.37.0","msg":"Creating table: products","time":"2023-03-10T12:44:45.791Z","v":0}
{"name":"Log","hostname":"Palette","pid":34136,"level":30,"version":"5.37.0","msg":"Creating table: offers","time":"2023-03-10T12:44:45.805Z","v":0}
{"name":"Log","hostname":"Palette","pid":34136,"level":30,"version":"5.37.0","msg":"Creating table: benefits","time":"2023-03-10T12:44:45.835Z","v":0}
{"name":"Log","hostname":"Palette","pid":34136,"level":30,"version":"5.37.0","msg":"Creating table: products_benefits","time":"2023-03-10T12:44:45.850Z","v":0}
{"name":"Log","hostname":"Palette","pid":34136,"level":30,"version":"5.37.0","msg":"Creating table: members_products","time":"2023-03-10T12:44:45.857Z","v":0}
{"name":"Log","hostname":"Palette","pid":34136,"level":30,"version":"5.37.0","msg":"Creating table: posts_products","time":"2023-03-10T12:44:45.863Z","v":0}
{"name":"Log","hostname":"Palette","pid":34136,"level":30,"version":"5.37.0","msg":"Creating table: members_created_events","time":"2023-03-10T12:44:45.869Z","v":0}
{"name":"Log","hostname":"Palette","pid":34136,"level":30,"version":"5.37.0","msg":"Creating table: members_cancel_events","time":"2023-03-10T12:44:45.876Z","v":0}
{"name":"Log","hostname":"Palette","pid":34136,"level":30,"version":"5.37.0","msg":"Creating table: members_payment_events","time":"2023-03-10T12:44:45.882Z","v":0}
{"name":"Log","hostname":"Palette","pid":34136,"level":30,"version":"5.37.0","msg":"Creating table: members_login_events","time":"2023-03-10T12:44:45.888Z","v":0}
{"name":"Log","hostname":"Palette","pid":34136,"level":30,"version":"5.37.0","msg":"Creating table: members_email_change_events","time":"2023-03-10T12:44:45.894Z","v":0}
{"name":"Log","hostname":"Palette","pid":34136,"level":30,"version":"5.37.0","msg":"Creating table: members_status_events","time":"2023-03-10T12:44:45.900Z","v":0}
{"name":"Log","hostname":"Palette","pid":34136,"level":30,"version":"5.37.0","msg":"Creating table: members_product_events","time":"2023-03-10T12:44:45.907Z","v":0}
{"name":"Log","hostname":"Palette","pid":34136,"level":30,"version":"5.37.0","msg":"Creating table: members_paid_subscription_events","time":"2023-03-10T12:44:45.912Z","v":0}
{"name":"Log","hostname":"Palette","pid":34136,"level":30,"version":"5.37.0","msg":"Creating table: labels","time":"2023-03-10T12:44:45.919Z","v":0}
{"name":"Log","hostname":"Palette","pid":34136,"level":30,"version":"5.37.0","msg":"Creating table: members_labels","time":"2023-03-10T12:44:45.939Z","v":0}
{"name":"Log","hostname":"Palette","pid":34136,"level":30,"version":"5.37.0","msg":"Creating table: members_stripe_customers","time":"2023-03-10T12:44:45.946Z","v":0}
{"name":"Log","hostname":"Palette","pid":34136,"level":30,"version":"5.37.0","msg":"Creating table: subscriptions","time":"2023-03-10T12:44:45.957Z","v":0}
{"name":"Log","hostname":"Palette","pid":34136,"level":30,"version":"5.37.0","msg":"Creating table: members_stripe_customers_subscriptions","time":"2023-03-10T12:44:45.964Z","v":0}
{"name":"Log","hostname":"Palette","pid":34136,"level":30,"version":"5.37.0","msg":"Creating table: members_subscription_created_events","time":"2023-03-10T12:44:45.983Z","v":0}
{"name":"Log","hostname":"Palette","pid":34136,"level":30,"version":"5.37.0","msg":"Creating table: offer_redemptions","time":"2023-03-10T12:44:45.990Z","v":0}
{"name":"Log","hostname":"Palette","pid":34136,"level":30,"version":"5.37.0","msg":"Creating table: members_subscribe_events","time":"2023-03-10T12:44:45.995Z","v":0}
{"name":"Log","hostname":"Palette","pid":34136,"level":30,"version":"5.37.0","msg":"Creating table: stripe_products","time":"2023-03-10T12:44:46.002Z","v":0}
{"name":"Log","hostname":"Palette","pid":34136,"level":30,"version":"5.37.0","msg":"Creating table: stripe_prices","time":"2023-03-10T12:44:46.016Z","v":0}
{"name":"Log","hostname":"Palette","pid":34136,"level":30,"version":"5.37.0","msg":"Creating table: actions","time":"2023-03-10T12:44:46.027Z","v":0}
{"name":"Log","hostname":"Palette","pid":34136,"level":30,"version":"5.37.0","msg":"Creating table: emails","time":"2023-03-10T12:44:46.035Z","v":0}
{"name":"Log","hostname":"Palette","pid":34136,"level":30,"version":"5.37.0","msg":"Creating table: email_batches","time":"2023-03-10T12:44:46.054Z","v":0}
{"name":"Log","hostname":"Palette","pid":34136,"level":30,"version":"5.37.0","msg":"Creating table: email_recipients","time":"2023-03-10T12:44:46.061Z","v":0}
{"name":"Log","hostname":"Palette","pid":34136,"level":30,"version":"5.37.0","msg":"Creating table: email_recipient_failures","time":"2023-03-10T12:44:46.102Z","v":0}
{"name":"Log","hostname":"Palette","pid":34136,"level":30,"version":"5.37.0","msg":"Creating table: tokens","time":"2023-03-10T12:44:46.111Z","v":0}
{"name":"Log","hostname":"Palette","pid":34136,"level":30,"version":"5.37.0","msg":"Creating table: snippets","time":"2023-03-10T12:44:46.125Z","v":0}
{"name":"Log","hostname":"Palette","pid":34136,"level":30,"version":"5.37.0","msg":"Creating table: custom_theme_settings","time":"2023-03-10T12:44:46.140Z","v":0}
{"name":"Log","hostname":"Palette","pid":34136,"level":30,"version":"5.37.0","msg":"Creating table: members_newsletters","time":"2023-03-10T12:44:46.148Z","v":0}
{"name":"Log","hostname":"Palette","pid":34136,"level":30,"version":"5.37.0","msg":"Creating table: comments","time":"2023-03-10T12:44:46.155Z","v":0}
{"name":"Log","hostname":"Palette","pid":34136,"level":30,"version":"5.37.0","msg":"Creating table: comment_likes","time":"2023-03-10T12:44:46.162Z","v":0}
{"name":"Log","hostname":"Palette","pid":34136,"level":30,"version":"5.37.0","msg":"Creating table: comment_reports","time":"2023-03-10T12:44:46.168Z","v":0}
{"name":"Log","hostname":"Palette","pid":34136,"level":30,"version":"5.37.0","msg":"Creating table: jobs","time":"2023-03-10T12:44:46.175Z","v":0}
{"name":"Log","hostname":"Palette","pid":34136,"level":30,"version":"5.37.0","msg":"Creating table: redirects","time":"2023-03-10T12:44:46.189Z","v":0}
{"name":"Log","hostname":"Palette","pid":34136,"level":30,"version":"5.37.0","msg":"Creating table: members_click_events","time":"2023-03-10T12:44:46.196Z","v":0}
{"name":"Log","hostname":"Palette","pid":34136,"level":30,"version":"5.37.0","msg":"Creating table: members_feedback","time":"2023-03-10T12:44:46.204Z","v":0}
{"name":"Log","hostname":"Palette","pid":34136,"level":30,"version":"5.37.0","msg":"Creating table: suppressions","time":"2023-03-10T12:44:46.211Z","v":0}
{"name":"Log","hostname":"Palette","pid":34136,"level":30,"version":"5.37.0","msg":"Creating table: email_spam_complaint_events","time":"2023-03-10T12:44:46.224Z","v":0}
{"name":"Log","hostname":"Palette","pid":34136,"level":30,"version":"5.37.0","msg":"Creating table: mentions","time":"2023-03-10T12:44:46.239Z","v":0}
{"name":"Log","hostname":"Palette","pid":34136,"level":30,"version":"5.37.0","msg":"Creating table: milestones","time":"2023-03-10T12:44:46.247Z","v":0}
{"name":"Log","hostname":"Palette","pid":34136,"level":30,"version":"5.37.0","msg":"Model: Product","time":"2023-03-10T12:44:46.959Z","v":0}
{"name":"Log","hostname":"Palette","pid":34136,"level":30,"version":"5.37.0","msg":"Model: Newsletter","time":"2023-03-10T12:44:46.967Z","v":0}
{"name":"Log","hostname":"Palette","pid":34136,"level":30,"version":"5.37.0","msg":"Model: Tag","time":"2023-03-10T12:44:46.973Z","v":0}
{"name":"Log","hostname":"Palette","pid":34136,"level":30,"version":"5.37.0","msg":"Model: Permission","time":"2023-03-10T12:44:46.978Z","v":0}
{"name":"Log","hostname":"Palette","pid":34136,"level":30,"version":"5.37.0","msg":"Model: Post","time":"2023-03-10T12:44:47.207Z","v":0}
{"name":"Log","hostname":"Palette","pid":34136,"level":30,"version":"5.37.0","msg":"Model: Integration","time":"2023-03-10T12:44:49.417Z","v":0}
{"name":"Log","hostname":"Palette","pid":34136,"level":30,"version":"5.37.0","msg":"Relation: Role to Permission","time":"2023-03-10T12:44:49.451Z","v":0}
{"name":"Log","hostname":"Palette","pid":34136,"level":30,"version":"5.37.0","msg":"Relation: Post to Tag","time":"2023-03-10T12:44:49.612Z","v":0}
{"name":"Log","hostname":"Palette","pid":34136,"level":30,"version":"5.37.0","msg":"Database is in a ready state.","time":"2023-03-10T12:44:49.717Z","v":0}
{"name":"Log","hostname":"Palette","pid":34136,"level":30,"version":"5.37.0","msg":"Ghost database ready in 12.305s","time":"2023-03-10T12:44:49.719Z","v":0}
{"name":"Log","hostname":"Palette","pid":34136,"level":50,"version":"5.37.0","err":{"id":"5a58ec70-bf41-11ed-8041-3976b5b17adc","domain":"http://localhost:2368/","code":"ENOENT","name":"InternalServerError","statusCode":500,"level":"critical","message":"Unable to activate the theme \"casper\".","stack":"Error: ENOENT: no such file or directory, copyfile 'C:\\Users\\delfi\\Documents\\B3 Corpora\\ghostnew\\ghost\\versions\\5.37.0\\core\\frontend\\src\\admin-auth\\index.html' -> 'C:\\Users\\delfi\\Documents\\B3 Corpora\\ghostnew\\ghost\\content\\public\\admin-auth\\index.html'\n    at Bridge.activateTheme (C:\\Users\\delfi\\Documents\\B3 Corpora\\ghostnew\\ghost\\versions\\5.37.0\\core\\bridge.js:76:27)","hideStack":false},"msg":"Unable to activate the theme \"casper\".","time":"2023-03-10T12:44:52.792Z","v":0}
{"name":"Log","hostname":"Palette","pid":34136,"level":30,"version":"5.37.0","msg":"Adding one-off job to queue with current length = 0 called 'members-migrations'","time":"2023-03-10T12:44:56.589Z","v":0}
{"name":"Log","hostname":"Palette","pid":34136,"level":30,"version":"5.37.0","msg":"Stripe not configured - skipping migrations","time":"2023-03-10T12:44:56.599Z","v":0}
{"name":"Log","hostname":"Palette","pid":34136,"level":30,"version":"5.37.0","msg":"Ghost URL Service Ready in 19.221s","time":"2023-03-10T12:44:56.636Z","v":0}
{"name":"Log","hostname":"Palette","pid":34136,"level":30,"version":"5.37.0","msg":"Adding offloaded job to the queue","time":"2023-03-10T12:44:57.060Z","v":0}
{"name":"Log","hostname":"Palette","pid":34136,"level":30,"version":"5.37.0","msg":"Scheduling job clean-expired-comped at 35 21 0 * * *. Next run on: Sat Mar 11 2023 00:21:35 GMT+0700 (Western Indonesia Time)","time":"2023-03-10T12:44:57.069Z","v":0}
{"name":"Log","hostname":"Palette","pid":34136,"level":30,"version":"5.37.0","msg":"Adding offloaded job to the queue","time":"2023-03-10T12:44:57.078Z","v":0}
{"name":"Log","hostname":"Palette","pid":34136,"level":30,"version":"5.37.0","msg":"Scheduling job clean-tokens at 49 33 8 * * *. Next run on: Sat Mar 11 2023 08:33:49 GMT+0700 (Western Indonesia Time)","time":"2023-03-10T12:44:57.081Z","v":0}
{"name":"Log","hostname":"Palette","pid":34136,"level":30,"version":"5.37.0","msg":"Ghost booted in 19.672s","time":"2023-03-10T12:44:57.086Z","v":0}
{"name":"Log","hostname":"Palette","pid":34136,"level":30,"version":"5.37.0","msg":"Adding offloaded job to the queue","time":"2023-03-10T12:44:57.091Z","v":0}
{"name":"Log","hostname":"Palette","pid":34136,"level":30,"version":"5.37.0","msg":"Scheduling job update-check at 33 21 2 * * *. Next run on: Sat Mar 11 2023 02:21:33 GMT+0700 (Western Indonesia Time)","time":"2023-03-10T12:44:57.098Z","v":0}
{"name":"Log","hostname":"Palette","pid":34136,"level":30,"version":"5.37.0","msg":"Running milestone emails job on Sun Mar 12 2023 19:44:57 GMT+0700 (Western Indonesia Time)","time":"2023-03-10T12:44:57.117Z","v":0}
{"name":"Log","hostname":"Palette","pid":34136,"level":30,"version":"5.37.0","worker":{"resourceLimits":{"maxYoungGenerationSizeMb":48,"maxOldGenerationSizeMb":2048,"codeRangeSizeMb":0,"stackSizeMb":4},"threadId":1},"msg":"Worker for job \"clean-expired-comped\" online","time":"2023-03-10T17:21:35.110Z","v":0}
{"name":"Log","hostname":"Palette","pid":34136,"level":30,"version":"5.37.0","msg":"Worker for job clean-expired-comped sent a message: Removed 0 expired subscriptions, updated 0 members in 746ms","time":"2023-03-10T17:21:35.915Z","v":0}
{"name":"Log","hostname":"Palette","pid":34136,"level":30,"version":"5.37.0","msg":"Worker for job clean-expired-comped sent a message: done","time":"2023-03-10T17:21:35.915Z","v":0}
